трав. 29, 2025 3:50:50 ПП org.musicplayer.mymusicplayer.Controllers.MusicPlayerController initialize
INFO: Запуск програми та ініціалізація контролера
трав. 29, 2025 3:51:05 ПП org.musicplayer.mymusicplayer.Controllers.MusicPlayerController lambda$2
INFO: Пошук: 'c'
трав. 29, 2025 3:51:06 ПП org.musicplayer.mymusicplayer.Controllers.MusicPlayerController lambda$2
INFO: Пошук: ''
трав. 29, 2025 3:51:25 ПП org.musicplayer.mymusicplayer.Controllers.MusicPlayerController initialize
INFO: Запуск програми та ініціалізація контролера
трав. 29, 2025 3:51:30 ПП org.musicplayer.mymusicplayer.Controllers.MusicPlayerController lambda$8
INFO: Відкрито плейліст: 'Playlist_№1'
трав. 29, 2025 3:51:30 ПП org.musicplayer.mymusicplayer.Controllers.MusicPlayerController playSelectedTrackFromListView
INFO: Відтворення треку з fileListView: 'Спи собі сама — Скрябін'
трав. 29, 2025 3:51:32 ПП org.musicplayer.mymusicplayer.Controllers.MusicPlayerController nextMethod
INFO: Наступний трек
трав. 29, 2025 3:51:32 ПП org.musicplayer.mymusicplayer.Controllers.MusicPlayerController playSelectedTrackFromListView
INFO: Відтворення треку з fileListView: 'Revenge — XXXTENTATIONE'
трав. 29, 2025 3:51:33 ПП org.musicplayer.mymusicplayer.Controllers.MusicPlayerController nextMethod
INFO: Наступний трек
трав. 29, 2025 3:51:33 ПП org.musicplayer.mymusicplayer.Controllers.MusicPlayerController playSelectedTrackFromListView
INFO: Відтворення треку з fileListView: 'Snowy Peaks — Free Audio'
трав. 29, 2025 3:51:34 ПП org.musicplayer.mymusicplayer.Controllers.MusicPlayerController nextMethod
INFO: Наступний трек
трав. 29, 2025 3:51:34 ПП org.musicplayer.mymusicplayer.Controllers.MusicPlayerController playSelectedTrackFromListView
INFO: Відтворення треку з fileListView: 'Test audio — Unknown Artist'
трав. 29, 2025 3:51:36 ПП org.musicplayer.mymusicplayer.Controllers.MusicPlayerController nextMethod
INFO: Наступний трек
трав. 29, 2025 3:51:36 ПП org.musicplayer.mymusicplayer.Controllers.MusicPlayerController playSelectedTrackFromListView
INFO: Відтворення треку з fileListView: 'Мовчати — Скрябін'
трав. 29, 2025 3:51:37 ПП org.musicplayer.mymusicplayer.Controllers.MusicPlayerController nextMethod
INFO: Наступний трек
трав. 29, 2025 3:51:37 ПП org.musicplayer.mymusicplayer.Controllers.MusicPlayerController playSelectedTrackFromListView
INFO: Відтворення треку з fileListView: 'Спи собі сама — Скрябін'
трав. 29, 2025 3:51:40 ПП org.musicplayer.mymusicplayer.Controllers.MusicPlayerController nextMethod
INFO: Наступний трек
трав. 29, 2025 3:51:40 ПП org.musicplayer.mymusicplayer.Controllers.MusicPlayerController playSelectedTrackFromListView
INFO: Відтворення треку з fileListView: 'Revenge — XXXTENTATIONE'
трав. 29, 2025 3:51:41 ПП org.musicplayer.mymusicplayer.Controllers.MusicPlayerController nextMethod
INFO: Наступний трек
трав. 29, 2025 3:51:41 ПП org.musicplayer.mymusicplayer.Controllers.MusicPlayerController playSelectedTrackFromListView
INFO: Відтворення треку з fileListView: 'Snowy Peaks — Free Audio'
трав. 29, 2025 3:51:41 ПП org.musicplayer.mymusicplayer.Controllers.MusicPlayerController nextMethod
INFO: Наступний трек
трав. 29, 2025 3:51:41 ПП org.musicplayer.mymusicplayer.Controllers.MusicPlayerController playSelectedTrackFromListView
INFO: Відтворення треку з fileListView: 'Test audio — Unknown Artist'
трав. 29, 2025 3:51:52 ПП org.musicplayer.mymusicplayer.Controllers.MusicPlayerController nextMethod
INFO: Наступний трек
трав. 29, 2025 3:51:52 ПП org.musicplayer.mymusicplayer.Controllers.MusicPlayerController playSelectedTrackFromListView
INFO: Відтворення треку з fileListView: 'Мовчати — Скрябін'
трав. 29, 2025 3:51:52 ПП org.musicplayer.mymusicplayer.Controllers.MusicPlayerController nextMethod
INFO: Наступний трек
трав. 29, 2025 3:51:52 ПП org.musicplayer.mymusicplayer.Controllers.MusicPlayerController playSelectedTrackFromListView
INFO: Відтворення треку з fileListView: 'Спи собі сама — Скрябін'
трав. 29, 2025 3:51:54 ПП org.musicplayer.mymusicplayer.Controllers.MusicPlayerController nextMethod
INFO: Наступний трек
трав. 29, 2025 3:51:54 ПП org.musicplayer.mymusicplayer.Controllers.MusicPlayerController playSelectedTrackFromListView
INFO: Відтворення треку з fileListView: 'Revenge — XXXTENTATIONE'
трав. 29, 2025 3:51:55 ПП org.musicplayer.mymusicplayer.Controllers.MusicPlayerController shuffleMethod
INFO: Shuffle
трав. 29, 2025 3:51:55 ПП org.musicplayer.mymusicplayer.Controllers.MusicPlayerController playSelectedTrackFromListView
INFO: Відтворення треку з fileListView: 'Snowy Peaks — Free Audio'
трав. 29, 2025 3:51:57 ПП org.musicplayer.mymusicplayer.Controllers.MusicPlayerController lambda$8
INFO: Відкрито плейліст: 'Playlist_№2'
трав. 29, 2025 3:51:58 ПП org.musicplayer.mymusicplayer.Controllers.MusicPlayerController playSelectedTrackFromListView
INFO: Відтворення треку з fileListView: 'Говорили і курили — Скрябін'
трав. 29, 2025 3:52:12 ПП org.musicplayer.mymusicplayer.Controllers.MusicPlayerController playMethod
INFO: Play/Pause
трав. 29, 2025 3:52:18 ПП org.musicplayer.mymusicplayer.Controllers.MusicPlayerController playMethod
INFO: Play/Pause
трав. 29, 2025 3:52:19 ПП org.musicplayer.mymusicplayer.Controllers.MusicPlayerController playMethod
INFO: Play/Pause
трав. 29, 2025 3:55:04 ПП org.musicplayer.mymusicplayer.Controllers.MusicPlayerController initialize
INFO: Запуск програми та ініціалізація контролера
трав. 29, 2025 3:55:21 ПП org.musicplayer.mymusicplayer.Controllers.MusicPlayerController lambda$8
INFO: Відкрито плейліст: 'Playlist_№1'
трав. 29, 2025 3:55:21 ПП org.musicplayer.mymusicplayer.Controllers.MusicPlayerController playSelectedTrackFromListView
INFO: Відтворення треку з fileListView: 'Revenge — XXXTENTATIONE'
трав. 29, 2025 3:55:23 ПП org.musicplayer.mymusicplayer.Controllers.MusicPlayerController forwardMethod
INFO: Перемотка +10 секунд
трав. 29, 2025 3:55:24 ПП org.musicplayer.mymusicplayer.Controllers.MusicPlayerController forwardMethod
INFO: Перемотка +10 секунд
трав. 29, 2025 3:55:25 ПП org.musicplayer.mymusicplayer.Controllers.MusicPlayerController forwardMethod
INFO: Перемотка +10 секунд
трав. 29, 2025 3:55:25 ПП org.musicplayer.mymusicplayer.Controllers.MusicPlayerController nextMethod
INFO: Наступний трек
трав. 29, 2025 3:55:25 ПП org.musicplayer.mymusicplayer.Controllers.MusicPlayerController playSelectedTrackFromListView
INFO: Відтворення треку з fileListView: 'Snowy Peaks — Free Audio'
трав. 29, 2025 3:55:27 ПП org.musicplayer.mymusicplayer.Controllers.MusicPlayerController nextMethod
INFO: Наступний трек
трав. 29, 2025 3:55:27 ПП org.musicplayer.mymusicplayer.Controllers.MusicPlayerController playSelectedTrackFromListView
INFO: Відтворення треку з fileListView: 'Test audio — Unknown Artist'
трав. 29, 2025 3:55:28 ПП org.musicplayer.mymusicplayer.Controllers.MusicPlayerController nextMethod
INFO: Наступний трек
трав. 29, 2025 3:55:28 ПП org.musicplayer.mymusicplayer.Controllers.MusicPlayerController playSelectedTrackFromListView
INFO: Відтворення треку з fileListView: 'Мовчати — Скрябін'
трав. 29, 2025 3:55:29 ПП org.musicplayer.mymusicplayer.Controllers.MusicPlayerController nextMethod
INFO: Наступний трек
трав. 29, 2025 3:55:29 ПП org.musicplayer.mymusicplayer.Controllers.MusicPlayerController playSelectedTrackFromListView
INFO: Відтворення треку з fileListView: 'Спи собі сама — Скрябін'
трав. 29, 2025 3:55:29 ПП org.musicplayer.mymusicplayer.Controllers.MusicPlayerController nextMethod
INFO: Наступний трек
трав. 29, 2025 3:55:29 ПП org.musicplayer.mymusicplayer.Controllers.MusicPlayerController playSelectedTrackFromListView
INFO: Відтворення треку з fileListView: 'Revenge — XXXTENTATIONE'
трав. 29, 2025 3:55:29 ПП org.musicplayer.mymusicplayer.Controllers.MusicPlayerController nextMethod
INFO: Наступний трек
трав. 29, 2025 3:55:29 ПП org.musicplayer.mymusicplayer.Controllers.MusicPlayerController playSelectedTrackFromListView
INFO: Відтворення треку з fileListView: 'Snowy Peaks — Free Audio'
трав. 29, 2025 3:55:30 ПП org.musicplayer.mymusicplayer.Controllers.MusicPlayerController nextMethod
INFO: Наступний трек
трав. 29, 2025 3:55:30 ПП org.musicplayer.mymusicplayer.Controllers.MusicPlayerController playSelectedTrackFromListView
INFO: Відтворення треку з fileListView: 'Test audio — Unknown Artist'
трав. 29, 2025 3:55:30 ПП org.musicplayer.mymusicplayer.Controllers.MusicPlayerController nextMethod
INFO: Наступний трек
трав. 29, 2025 3:55:30 ПП org.musicplayer.mymusicplayer.Controllers.MusicPlayerController playSelectedTrackFromListView
INFO: Відтворення треку з fileListView: 'Мовчати — Скрябін'
трав. 29, 2025 3:55:31 ПП org.musicplayer.mymusicplayer.Controllers.MusicPlayerController previousMethod
INFO: Попередній трек
трав. 29, 2025 3:55:31 ПП org.musicplayer.mymusicplayer.Controllers.MusicPlayerController playSelectedTrackFromListView
INFO: Відтворення треку з fileListView: 'Test audio — Unknown Artist'
трав. 29, 2025 3:55:31 ПП org.musicplayer.mymusicplayer.Controllers.MusicPlayerController previousMethod
INFO: Попередній трек
трав. 29, 2025 3:55:31 ПП org.musicplayer.mymusicplayer.Controllers.MusicPlayerController playSelectedTrackFromListView
INFO: Відтворення треку з fileListView: 'Snowy Peaks — Free Audio'
трав. 29, 2025 3:55:32 ПП org.musicplayer.mymusicplayer.Controllers.MusicPlayerController lambda$8
INFO: Відкрито плейліст: 'Playlist_№2'
трав. 29, 2025 3:55:32 ПП org.musicplayer.mymusicplayer.Controllers.MusicPlayerController playSelectedTrackFromListView
INFO: Відтворення треку з fileListView: 'Касета — SadSvit'
трав. 29, 2025 3:55:33 ПП org.musicplayer.mymusicplayer.Controllers.MusicPlayerController nextMethod
INFO: Наступний трек
трав. 29, 2025 3:55:33 ПП org.musicplayer.mymusicplayer.Controllers.MusicPlayerController playSelectedTrackFromListView
INFO: Відтворення треку з fileListView: 'Сидативи — СТРУКТУРА ЩАСТЯ'
трав. 29, 2025 3:55:34 ПП org.musicplayer.mymusicplayer.Controllers.MusicPlayerController nextMethod
INFO: Наступний трек
трав. 29, 2025 3:55:34 ПП org.musicplayer.mymusicplayer.Controllers.MusicPlayerController playSelectedTrackFromListView
INFO: Відтворення треку з fileListView: 'Молодість — SadSvit'
трав. 29, 2025 3:55:37 ПП org.musicplayer.mymusicplayer.Controllers.MusicPlayerController playMethod
INFO: Play/Pause
трав. 29, 2025 3:59:26 ПП org.musicplayer.mymusicplayer.Controllers.MusicPlayerController initialize
INFO: Запуск програми та ініціалізація контролера
трав. 29, 2025 3:59:32 ПП org.musicplayer.mymusicplayer.Controllers.MusicPlayerController lambda$8
INFO: Відкрито плейліст: 'Playlist_№2'
трав. 29, 2025 3:59:32 ПП org.musicplayer.mymusicplayer.Controllers.MusicPlayerController playSelectedTrackFromListView
INFO: Відтворення треку з fileListView: 'Касета — SadSvit'
трав. 29, 2025 3:59:38 ПП org.musicplayer.mymusicplayer.Controllers.MusicPlayerController nextMethod
INFO: Наступний трек
трав. 29, 2025 3:59:38 ПП org.musicplayer.mymusicplayer.Controllers.MusicPlayerController playSelectedTrackFromListView
INFO: Відтворення треку з fileListView: 'Сидативи — СТРУКТУРА ЩАСТЯ'
трав. 29, 2025 3:59:41 ПП org.musicplayer.mymusicplayer.Controllers.MusicPlayerController playMethod
INFO: Play/Pause
черв. 03, 2025 10:54:31 ПП org.musicplayer.mymusicplayer.Controllers.MusicPlayerController initialize
INFO: Запуск програми та ініціалізація контролера
черв. 03, 2025 10:54:38 ПП org.musicplayer.mymusicplayer.Controllers.MusicPlayerController lambda$8
INFO: Відкрито плейліст: 'Playlist_№1'
черв. 03, 2025 10:54:38 ПП org.musicplayer.mymusicplayer.Controllers.MusicPlayerController$2 lambda$0
INFO: Видалено трек 'Спи собі сама — Скрябін' з плейліста 'Playlist_№1'
черв. 03, 2025 10:54:39 ПП org.musicplayer.mymusicplayer.Controllers.MusicPlayerController playSelectedTrackFromListView
INFO: Відтворення треку з fileListView: 'Revenge — XXXTENTATIONE'
черв. 03, 2025 10:54:41 ПП org.musicplayer.mymusicplayer.Controllers.MusicPlayerController playSelectedTrackFromListView
INFO: Відтворення треку з fileListView: 'Snowy Peaks — Free Audio'
черв. 03, 2025 10:54:43 ПП org.musicplayer.mymusicplayer.Controllers.MusicPlayerController playSelectedTrackFromListView
INFO: Відтворення треку з fileListView: 'Snowy Peaks — Free Audio'
черв. 03, 2025 10:54:44 ПП org.musicplayer.mymusicplayer.Controllers.MusicPlayerController playSelectedTrackFromListView
INFO: Відтворення треку з fileListView: 'Test audio — Unknown Artist'
черв. 03, 2025 10:54:46 ПП org.musicplayer.mymusicplayer.Controllers.MusicPlayerController playSelectedTrackFromListView
INFO: Відтворення треку з fileListView: 'Мовчати — Скрябін'
черв. 03, 2025 10:54:47 ПП org.musicplayer.mymusicplayer.Controllers.MusicPlayerController lambda$8
INFO: Відкрито плейліст: 'Playlist_№2'
черв. 03, 2025 10:54:48 ПП org.musicplayer.mymusicplayer.Controllers.MusicPlayerController playSelectedTrackFromListView
INFO: Відтворення треку з fileListView: 'Revenge — XXXTENTATIONE'
черв. 03, 2025 10:55:05 ПП org.musicplayer.mymusicplayer.Controllers.MusicPlayerController nextMethod
INFO: Наступний трек
черв. 03, 2025 10:55:05 ПП org.musicplayer.mymusicplayer.Controllers.MusicPlayerController playSelectedTrackFromListView
INFO: Відтворення треку з fileListView: 'Касета — SadSvit'
черв. 03, 2025 10:55:07 ПП org.musicplayer.mymusicplayer.Controllers.MusicPlayerController nextMethod
INFO: Наступний трек
черв. 03, 2025 10:55:07 ПП org.musicplayer.mymusicplayer.Controllers.MusicPlayerController playSelectedTrackFromListView
INFO: Відтворення треку з fileListView: 'Сидативи — СТРУКТУРА ЩАСТЯ'
черв. 03, 2025 10:55:08 ПП org.musicplayer.mymusicplayer.Controllers.MusicPlayerController nextMethod
INFO: Наступний трек
черв. 03, 2025 10:55:08 ПП org.musicplayer.mymusicplayer.Controllers.MusicPlayerController playSelectedTrackFromListView
INFO: Відтворення треку з fileListView: 'Молодість — SadSvit'
черв. 03, 2025 10:55:09 ПП org.musicplayer.mymusicplayer.Controllers.MusicPlayerController nextMethod
INFO: Наступний трек
черв. 03, 2025 10:55:09 ПП org.musicplayer.mymusicplayer.Controllers.MusicPlayerController playSelectedTrackFromListView
INFO: Відтворення треку з fileListView: 'Говорили і курили — Скрябін'
черв. 03, 2025 10:55:10 ПП org.musicplayer.mymusicplayer.Controllers.MusicPlayerController nextMethod
INFO: Наступний трек
черв. 03, 2025 10:55:10 ПП org.musicplayer.mymusicplayer.Controllers.MusicPlayerController playSelectedTrackFromListView
INFO: Відтворення треку з fileListView: 'Сам собі країна — Скрябін'
черв. 03, 2025 10:55:12 ПП org.musicplayer.mymusicplayer.Controllers.MusicPlayerController nextMethod
INFO: Наступний трек
черв. 03, 2025 10:55:12 ПП org.musicplayer.mymusicplayer.Controllers.MusicPlayerController playSelectedTrackFromListView
INFO: Відтворення треку з fileListView: 'Спи собі сама — Скрябін'
черв. 03, 2025 10:55:13 ПП org.musicplayer.mymusicplayer.Controllers.MusicPlayerController nextMethod
INFO: Наступний трек
черв. 03, 2025 10:55:13 ПП org.musicplayer.mymusicplayer.Controllers.MusicPlayerController playSelectedTrackFromListView
INFO: Відтворення треку з fileListView: 'Море — Скрябін'
черв. 03, 2025 10:55:14 ПП org.musicplayer.mymusicplayer.Controllers.MusicPlayerController nextMethod
INFO: Наступний трек
черв. 03, 2025 10:55:14 ПП org.musicplayer.mymusicplayer.Controllers.MusicPlayerController playSelectedTrackFromListView
INFO: Відтворення треку з fileListView: 'Місця щасливих людей — Скрябін'
черв. 03, 2025 10:55:15 ПП org.musicplayer.mymusicplayer.Controllers.MusicPlayerController nextMethod
INFO: Наступний трек
черв. 03, 2025 10:55:15 ПП org.musicplayer.mymusicplayer.Controllers.MusicPlayerController playSelectedTrackFromListView
INFO: Відтворення треку з fileListView: 'Snowy Peaks — Free Audio'
черв. 03, 2025 10:55:17 ПП org.musicplayer.mymusicplayer.Controllers.MusicPlayerController previousMethod
INFO: Попередній трек
черв. 03, 2025 10:55:17 ПП org.musicplayer.mymusicplayer.Controllers.MusicPlayerController playSelectedTrackFromListView
INFO: Відтворення треку з fileListView: 'Місця щасливих людей — Скрябін'
черв. 03, 2025 10:55:18 ПП org.musicplayer.mymusicplayer.Controllers.MusicPlayerController playMethod
INFO: Play/Pause
черв. 03, 2025 11:21:36 ПП org.musicplayer.mymusicplayer.Controllers.MusicPlayerController initialize
INFO: Запуск програми та ініціалізація контролера
черв. 03, 2025 11:21:39 ПП org.musicplayer.mymusicplayer.Controllers.MusicPlayerController lambda$8
INFO: Відкрито плейліст: 'Playlist_№1'
черв. 03, 2025 11:21:41 ПП org.musicplayer.mymusicplayer.Controllers.MusicPlayerController lambda$8
INFO: Відкрито плейліст: 'Playlist_№1'
черв. 03, 2025 11:21:42 ПП org.musicplayer.mymusicplayer.Controllers.MusicPlayerController lambda$8
INFO: Відкрито плейліст: 'Playlist_№2'
черв. 06, 2025 12:47:05 ПП org.musicplayer.mymusicplayer.Controllers.MusicPlayerController initialize
INFO: Запуск програми та ініціалізація контролера
черв. 06, 2025 12:47:09 ПП org.musicplayer.mymusicplayer.Controllers.MusicPlayerController lambda$8
INFO: Відкрито плейліст: 'Playlist_№1'
черв. 06, 2025 12:47:10 ПП org.musicplayer.mymusicplayer.Controllers.MusicPlayerController playSelectedTrackFromListView
INFO: Відтворення треку з fileListView: 'Snowy Peaks — Free Audio'
черв. 06, 2025 12:47:12 ПП org.musicplayer.mymusicplayer.Controllers.MusicPlayerController playSelectedTrackFromListView
INFO: Відтворення треку з fileListView: 'Test audio — Unknown Artist'
черв. 06, 2025 12:47:15 ПП org.musicplayer.mymusicplayer.Controllers.MusicPlayerController lambda$2
INFO: Пошук: 'h'
черв. 06, 2025 12:47:17 ПП org.musicplayer.mymusicplayer.Controllers.MusicPlayerController lambda$2
INFO: Пошук: ''
черв. 06, 2025 12:47:22 ПП org.musicplayer.mymusicplayer.Controllers.MusicPlayerController shuffleMethod
INFO: Shuffle
черв. 06, 2025 12:47:22 ПП org.musicplayer.mymusicplayer.Controllers.MusicPlayerController playSelectedTrackFromListView
INFO: Відтворення треку з fileListView: 'Мовчати — Скрябін'
черв. 06, 2025 12:47:26 ПП org.musicplayer.mymusicplayer.Controllers.MusicPlayerController playMethod
INFO: Play/Pause
черв. 06, 2025 12:47:45 ПП org.musicplayer.mymusicplayer.Controllers.MusicPlayerController initialize
INFO: Запуск програми та ініціалізація контролера
черв. 06, 2025 12:47:56 ПП org.musicplayer.mymusicplayer.Controllers.MusicPlayerController lambda$8
INFO: Відкрито плейліст: 'Playlist_№1'
черв. 06, 2025 12:47:57 ПП org.musicplayer.mymusicplayer.Controllers.MusicPlayerController playSelectedTrackFromListView
INFO: Відтворення треку з fileListView: 'Мовчати — Скрябін'
черв. 06, 2025 12:47:58 ПП org.musicplayer.mymusicplayer.Controllers.MusicPlayerController playMethod
INFO: Play/Pause
черв. 06, 2025 12:48:00 ПП org.musicplayer.mymusicplayer.Controllers.MusicPlayerController playMethod
INFO: Play/Pause
черв. 06, 2025 12:48:02 ПП org.musicplayer.mymusicplayer.Controllers.MusicPlayerController playMethod
INFO: Play/Pause
черв. 11, 2025 4:14:31 ПП org.musicplayer.mymusicplayer.Controllers.MusicPlayerController initialize
INFO: Запуск програми та ініціалізація контролера
черв. 11, 2025 4:14:46 ПП org.musicplayer.mymusicplayer.Controllers.MusicPlayerController createButton
INFO: Створено новий плейліст
черв. 11, 2025 4:14:48 ПП org.musicplayer.mymusicplayer.Controllers.MusicPlayerController lambda$8
INFO: Відкрито плейліст: 'Playlist_№1'
черв. 11, 2025 4:14:49 ПП org.musicplayer.mymusicplayer.Controllers.MusicPlayerController lambda$8
INFO: Відкрито плейліст: 'Playlist_№1'
черв. 11, 2025 4:14:49 ПП org.musicplayer.mymusicplayer.Controllers.MusicPlayerController lambda$8
INFO: Відкрито плейліст: 'Playlist_№1'
черв. 11, 2025 4:14:52 ПП org.musicplayer.mymusicplayer.Controllers.MusicPlayerController lambda$2
INFO: Пошук: 's'
черв. 11, 2025 4:14:53 ПП org.musicplayer.mymusicplayer.Controllers.MusicPlayerController lambda$2
INFO: Пошук: 'sa'
черв. 11, 2025 4:14:54 ПП org.musicplayer.mymusicplayer.Controllers.MusicPlayerController lambda$2
INFO: Пошук: 'sad'
черв. 11, 2025 4:14:55 ПП org.musicplayer.mymusicplayer.Controllers.MusicPlayerController lambda$2
INFO: Пошук: 'sa'
черв. 11, 2025 4:14:55 ПП org.musicplayer.mymusicplayer.Controllers.MusicPlayerController lambda$2
INFO: Пошук: 's'
черв. 11, 2025 4:14:55 ПП org.musicplayer.mymusicplayer.Controllers.MusicPlayerController lambda$2
INFO: Пошук: ''
черв. 11, 2025 4:14:56 ПП org.musicplayer.mymusicplayer.Controllers.MusicPlayerController lambda$2
INFO: Пошук: 'S'
черв. 11, 2025 4:14:56 ПП org.musicplayer.mymusicplayer.Controllers.MusicPlayerController lambda$2
INFO: Пошук: 'Sa'
черв. 11, 2025 4:14:57 ПП org.musicplayer.mymusicplayer.Controllers.MusicPlayerController lambda$2
INFO: Пошук: 'Sad'
черв. 11, 2025 4:14:59 ПП org.musicplayer.mymusicplayer.Controllers.MusicPlayerController lambda$2
INFO: Пошук: 'SadS'
черв. 11, 2025 4:14:59 ПП org.musicplayer.mymusicplayer.Controllers.MusicPlayerController lambda$2
INFO: Пошук: 'SadSv'
черв. 11, 2025 4:14:59 ПП org.musicplayer.mymusicplayer.Controllers.MusicPlayerController lambda$2
INFO: Пошук: 'SadSvi'
черв. 11, 2025 4:15:00 ПП org.musicplayer.mymusicplayer.Controllers.MusicPlayerController lambda$2
INFO: Пошук: 'SadSvit'
черв. 11, 2025 4:15:01 ПП org.musicplayer.mymusicplayer.Controllers.MusicPlayerController lambda$2
INFO: Пошук: ''
черв. 11, 2025 4:15:07 ПП org.musicplayer.mymusicplayer.Controllers.MusicPlayerController lambda$8
INFO: Відкрито плейліст: 'Playlist_№1'
черв. 11, 2025 4:20:16 ПП org.musicplayer.mymusicplayer.Controllers.MusicPlayerController initialize
INFO: Запуск програми та ініціалізація контролера
черв. 11, 2025 4:20:20 ПП org.musicplayer.mymusicplayer.Controllers.MusicPlayerController createButton
INFO: Створено новий плейліст
черв. 11, 2025 4:20:21 ПП org.musicplayer.mymusicplayer.Controllers.MusicPlayerController lambda$8
INFO: Відкрито плейліст: 'Playlist_№1'
черв. 11, 2025 4:20:22 ПП org.musicplayer.mymusicplayer.Controllers.MusicPlayerController lambda$8
INFO: Відкрито плейліст: 'Playlist_№1'
черв. 11, 2025 4:21:35 ПП org.musicplayer.mymusicplayer.Controllers.MusicPlayerController initialize
INFO: Запуск програми та ініціалізація контролера
черв. 11, 2025 4:21:37 ПП org.musicplayer.mymusicplayer.Controllers.MusicPlayerController lambda$8
INFO: Відкрито плейліст: 'Playlist_№1'
черв. 11, 2025 4:21:38 ПП org.musicplayer.mymusicplayer.Controllers.MusicPlayerController playSelectedTrackFromListView
INFO: Відтворення треку з fileListView: 'Snowy Peaks — Free Audio'
черв. 11, 2025 4:21:39 ПП org.musicplayer.mymusicplayer.Controllers.MusicPlayerController playSelectedTrackFromListView
INFO: Відтворення треку з fileListView: 'Test audio — Unknown Artist'
черв. 11, 2025 4:21:40 ПП org.musicplayer.mymusicplayer.Controllers.MusicPlayerController playSelectedTrackFromListView
INFO: Відтворення треку з fileListView: 'Revenge — XXXTENTATIONE'
черв. 11, 2025 4:21:41 ПП org.musicplayer.mymusicplayer.Controllers.MusicPlayerController lambda$8
INFO: Відкрито плейліст: 'Playlist_№2'
черв. 11, 2025 4:21:42 ПП org.musicplayer.mymusicplayer.Controllers.MusicPlayerController playSelectedTrackFromListView
INFO: Відтворення треку з fileListView: 'Test audio — Unknown Artist'
черв. 11, 2025 4:21:42 ПП org.musicplayer.mymusicplayer.Controllers.MusicPlayerController playSelectedTrackFromListView
INFO: Відтворення треку з fileListView: 'Сидативи — СТРУКТУРА ЩАСТЯ'
черв. 11, 2025 4:21:43 ПП org.musicplayer.mymusicplayer.Controllers.MusicPlayerController playSelectedTrackFromListView
INFO: Відтворення треку з fileListView: 'Місця щасливих людей — Скрябін'
черв. 11, 2025 4:21:44 ПП org.musicplayer.mymusicplayer.Controllers.MusicPlayerController lambda$8
INFO: Відкрито плейліст: 'Playlist_№1'
черв. 11, 2025 4:21:45 ПП org.musicplayer.mymusicplayer.Controllers.MusicPlayerController playSelectedTrackFromListView
INFO: Відтворення треку з fileListView: 'Мовчати — Скрябін'
черв. 11, 2025 4:21:47 ПП org.musicplayer.mymusicplayer.Controllers.MusicPlayerController lambda$2
INFO: Пошук: 'і'
черв. 11, 2025 4:21:48 ПП org.musicplayer.mymusicplayer.Controllers.MusicPlayerController lambda$2
INFO: Пошук: 'іу'
черв. 11, 2025 4:21:49 ПП org.musicplayer.mymusicplayer.Controllers.MusicPlayerController lambda$2
INFO: Пошук: 'і'
черв. 11, 2025 4:21:49 ПП org.musicplayer.mymusicplayer.Controllers.MusicPlayerController lambda$2
INFO: Пошук: ''
черв. 11, 2025 4:21:50 ПП org.musicplayer.mymusicplayer.Controllers.MusicPlayerController lambda$2
INFO: Пошук: 'S'
черв. 11, 2025 4:21:51 ПП org.musicplayer.mymusicplayer.Controllers.MusicPlayerController lambda$2
INFO: Пошук: 'Se'
черв. 11, 2025 4:21:52 ПП org.musicplayer.mymusicplayer.Controllers.MusicPlayerController lambda$2
INFO: Пошук: 'S'
черв. 11, 2025 4:21:52 ПП org.musicplayer.mymusicplayer.Controllers.MusicPlayerController lambda$2
INFO: Пошук: ''
черв. 11, 2025 4:21:55 ПП org.musicplayer.mymusicplayer.Controllers.MusicPlayerController lambda$2
INFO: Пошук: 'S'
черв. 11, 2025 4:21:56 ПП org.musicplayer.mymusicplayer.Controllers.MusicPlayerController lambda$2
INFO: Пошук: 'Sa'
черв. 11, 2025 4:21:56 ПП org.musicplayer.mymusicplayer.Controllers.MusicPlayerController lambda$2
INFO: Пошук: 'Sad'
черв. 11, 2025 4:21:58 ПП org.musicplayer.mymusicplayer.Controllers.MusicPlayerController lambda$2
INFO: Пошук: 'SadS'
черв. 11, 2025 4:21:58 ПП org.musicplayer.mymusicplayer.Controllers.MusicPlayerController lambda$2
INFO: Пошук: 'SadSv'
черв. 11, 2025 4:21:58 ПП org.musicplayer.mymusicplayer.Controllers.MusicPlayerController lambda$2
INFO: Пошук: 'SadSvi'
черв. 11, 2025 4:21:58 ПП org.musicplayer.mymusicplayer.Controllers.MusicPlayerController lambda$2
INFO: Пошук: 'SadSvir'
черв. 11, 2025 4:21:59 ПП org.musicplayer.mymusicplayer.Controllers.MusicPlayerController lambda$2
INFO: Пошук: 'SadSvi'
черв. 11, 2025 4:21:59 ПП org.musicplayer.mymusicplayer.Controllers.MusicPlayerController lambda$2
INFO: Пошук: 'SadSvit'
черв. 11, 2025 4:22:02 ПП org.musicplayer.mymusicplayer.Controllers.MusicPlayerController lambda$2
INFO: Пошук: ''
черв. 11, 2025 4:22:04 ПП org.musicplayer.mymusicplayer.Controllers.MusicPlayerController lambda$2
INFO: Пошук: 'S'
черв. 11, 2025 4:22:04 ПП org.musicplayer.mymusicplayer.Controllers.MusicPlayerController lambda$2
INFO: Пошук: 'Sn'
черв. 11, 2025 4:22:05 ПП org.musicplayer.mymusicplayer.Controllers.MusicPlayerController lambda$2
INFO: Пошук: 'Sno'
черв. 11, 2025 4:22:05 ПП org.musicplayer.mymusicplayer.Controllers.MusicPlayerController lambda$2
INFO: Пошук: 'Snow'
черв. 11, 2025 4:22:05 ПП org.musicplayer.mymusicplayer.Controllers.MusicPlayerController lambda$2
INFO: Пошук: 'Snowy'
черв. 11, 2025 4:22:06 ПП org.musicplayer.mymusicplayer.Controllers.MusicPlayerController lambda$2
INFO: Пошук: 'Snow'
черв. 11, 2025 4:22:06 ПП org.musicplayer.mymusicplayer.Controllers.MusicPlayerController lambda$2
INFO: Пошук: 'Sno'
черв. 11, 2025 4:22:07 ПП org.musicplayer.mymusicplayer.Controllers.MusicPlayerController lambda$2
INFO: Пошук: 'Sn'
черв. 11, 2025 4:22:07 ПП org.musicplayer.mymusicplayer.Controllers.MusicPlayerController lambda$2
INFO: Пошук: 'S'
черв. 11, 2025 4:22:07 ПП org.musicplayer.mymusicplayer.Controllers.MusicPlayerController lambda$2
INFO: Пошук: ''
черв. 11, 2025 4:22:09 ПП org.musicplayer.mymusicplayer.Controllers.MusicPlayerController playMethod
INFO: Play/Pause
черв. 11, 2025 4:22:12 ПП org.musicplayer.mymusicplayer.Controllers.MusicPlayerController playSelectedTrackFromListView
INFO: Відтворення треку з fileListView: 'Revenge — XXXTENTATIONE'
черв. 11, 2025 4:22:17 ПП org.musicplayer.mymusicplayer.Controllers.MusicPlayerController playMethod
INFO: Play/Pause
черв. 11, 2025 4:45:04 ПП org.musicplayer.mymusicplayer.Controllers.MusicPlayerController initialize
INFO: Запуск програми та ініціалізація контролера
черв. 11, 2025 4:45:07 ПП org.musicplayer.mymusicplayer.Controllers.MusicPlayerController lambda$8
INFO: Відкрито плейліст: 'Playlist_№1'
черв. 11, 2025 4:45:09 ПП org.musicplayer.mymusicplayer.Controllers.MusicPlayerController swichScreenMethod
INFO: Відкрито історію прослуховувань
черв. 11, 2025 10:45:24 ПП org.musicplayer.mymusicplayer.Controllers.MusicPlayerController initialize
INFO: Запуск програми та ініціалізація контролера
черв. 11, 2025 10:45:29 ПП org.musicplayer.mymusicplayer.Controllers.MusicPlayerController lambda$7
INFO: Відкрито плейліст: 'Playlist_№1'
черв. 11, 2025 10:45:30 ПП org.musicplayer.mymusicplayer.Controllers.MusicPlayerController playSelectedTrackFromListView
INFO: Відтворення треку з fileListView: 'Snowy Peaks — Free Audio'
черв. 11, 2025 10:45:32 ПП org.musicplayer.mymusicplayer.Controllers.MusicPlayerController playMethod
INFO: Play/Pause
черв. 11, 2025 10:45:34 ПП org.musicplayer.mymusicplayer.Controllers.MusicPlayerController lambda$2
INFO: Пошук: 'і'
черв. 11, 2025 10:45:35 ПП org.musicplayer.mymusicplayer.Controllers.MusicPlayerController lambda$5
INFO: Відтворення треку з results: 'Молодість — SadSvit'
черв. 11, 2025 10:45:37 ПП org.musicplayer.mymusicplayer.Controllers.MusicPlayerController nextMethod
INFO: Наступний трек
черв. 11, 2025 10:45:37 ПП org.musicplayer.mymusicplayer.Controllers.MusicPlayerController playSelectedTrackFromListView
INFO: Відтворення треку з fileListView: 'Test audio — Unknown Artist'
черв. 11, 2025 10:45:38 ПП org.musicplayer.mymusicplayer.Controllers.MusicPlayerController nextMethod
INFO: Наступний трек
черв. 11, 2025 10:45:38 ПП org.musicplayer.mymusicplayer.Controllers.MusicPlayerController playSelectedTrackFromListView
INFO: Відтворення треку з fileListView: 'Мовчати — Скрябін'
черв. 11, 2025 10:45:40 ПП org.musicplayer.mymusicplayer.Controllers.MusicPlayerController previousMethod
INFO: Попередній трек
черв. 11, 2025 10:45:40 ПП org.musicplayer.mymusicplayer.Controllers.MusicPlayerController playSelectedTrackFromListView
INFO: Відтворення треку з fileListView: 'Test audio — Unknown Artist'
черв. 11, 2025 10:45:42 ПП org.musicplayer.mymusicplayer.Controllers.MusicPlayerController lambda$5
INFO: Відтворення треку з results: 'Божевілля двох — Mistmorn'
черв. 11, 2025 10:45:45 ПП org.musicplayer.mymusicplayer.Controllers.MusicPlayerController nextMethod
INFO: Наступний трек
черв. 11, 2025 10:45:45 ПП org.musicplayer.mymusicplayer.Controllers.MusicPlayerController playSelectedTrackFromListView
INFO: Відтворення треку з fileListView: 'Мовчати — Скрябін'
черв. 11, 2025 10:45:47 ПП org.musicplayer.mymusicplayer.Controllers.MusicPlayerController lambda$7
INFO: Відкрито плейліст: 'Playlist_№1'
черв. 11, 2025 10:45:51 ПП org.musicplayer.mymusicplayer.Controllers.MusicPlayerController$2 lambda$0
INFO: Видалено трек 'Revenge — XXXTENTATIONE' з плейліста 'Playlist_№1'
черв. 11, 2025 10:45:52 ПП org.musicplayer.mymusicplayer.Controllers.MusicPlayerController createButton
INFO: Створено новий плейліст
черв. 11, 2025 10:45:53 ПП org.musicplayer.mymusicplayer.Controllers.MusicPlayerController lambda$7
INFO: Відкрито плейліст: 'Playlist_№3'
черв. 11, 2025 10:45:55 ПП org.musicplayer.mymusicplayer.Controllers.MusicPlayerController lambda$5
INFO: Відтворення треку з results: 'Персонажі — SadSvit'
черв. 11, 2025 10:45:56 ПП org.musicplayer.mymusicplayer.Controllers.MusicPlayerController$1 lambda$0
INFO: Натиснуто Add для: 'Персонажі — SadSvit'
черв. 11, 2025 10:45:57 ПП org.musicplayer.mymusicplayer.Controllers.MusicPlayerController$1 lambda$1
INFO: Додаю трек 'Персонажі — SadSvit' у плейліст 'Playlist_№3'
черв. 11, 2025 10:45:59 ПП org.musicplayer.mymusicplayer.Controllers.MusicPlayerController$1 lambda$0
INFO: Натиснуто Add для: 'Добряк — Скрябін'
черв. 11, 2025 10:45:59 ПП org.musicplayer.mymusicplayer.Controllers.MusicPlayerController$1 lambda$1
INFO: Додаю трек 'Добряк — Скрябін' у плейліст 'Playlist_№3'
черв. 11, 2025 10:46:01 ПП org.musicplayer.mymusicplayer.Controllers.MusicPlayerController lambda$7
INFO: Відкрито плейліст: 'Playlist_№3'
черв. 11, 2025 10:46:02 ПП org.musicplayer.mymusicplayer.Controllers.MusicPlayerController playSelectedTrackFromListView
INFO: Відтворення треку з fileListView: 'Добряк — Скрябін'
черв. 11, 2025 10:46:04 ПП org.musicplayer.mymusicplayer.Controllers.MusicPlayerController nextMethod
INFO: Наступний трек
черв. 11, 2025 10:46:04 ПП org.musicplayer.mymusicplayer.Controllers.MusicPlayerController playSelectedTrackFromListView
INFO: Відтворення треку з fileListView: 'Персонажі — SadSvit'
черв. 11, 2025 10:46:04 ПП org.musicplayer.mymusicplayer.Controllers.MusicPlayerController nextMethod
INFO: Наступний трек
черв. 11, 2025 10:46:04 ПП org.musicplayer.mymusicplayer.Controllers.MusicPlayerController playSelectedTrackFromListView
INFO: Відтворення треку з fileListView: 'Добряк — Скрябін'
черв. 11, 2025 10:46:08 ПП org.musicplayer.mymusicplayer.Controllers.MusicPlayerController shuffleMethod
INFO: Shuffle
черв. 11, 2025 10:46:08 ПП org.musicplayer.mymusicplayer.Controllers.MusicPlayerController playSelectedTrackFromListView
INFO: Відтворення треку з fileListView: 'Персонажі — SadSvit'
черв. 11, 2025 10:46:10 ПП org.musicplayer.mymusicplayer.Controllers.MusicPlayerController forwardMethod
INFO: Перемотка +10 секунд
черв. 11, 2025 10:46:10 ПП org.musicplayer.mymusicplayer.Controllers.MusicPlayerController forwardMethod
INFO: Перемотка +10 секунд
черв. 11, 2025 10:46:10 ПП org.musicplayer.mymusicplayer.Controllers.MusicPlayerController forwardMethod
INFO: Перемотка +10 секунд
черв. 11, 2025 10:46:10 ПП org.musicplayer.mymusicplayer.Controllers.MusicPlayerController forwardMethod
INFO: Перемотка +10 секунд
черв. 11, 2025 10:46:11 ПП org.musicplayer.mymusicplayer.Controllers.MusicPlayerController backwardMethod
INFO: Перемотка -10 секунд
черв. 11, 2025 10:46:11 ПП org.musicplayer.mymusicplayer.Controllers.MusicPlayerController backwardMethod
INFO: Перемотка -10 секунд
черв. 11, 2025 10:46:11 ПП org.musicplayer.mymusicplayer.Controllers.MusicPlayerController backwardMethod
INFO: Перемотка -10 секунд
черв. 11, 2025 10:46:11 ПП org.musicplayer.mymusicplayer.Controllers.MusicPlayerController backwardMethod
INFO: Перемотка -10 секунд
черв. 11, 2025 10:46:13 ПП org.musicplayer.mymusicplayer.Controllers.MusicPlayerController playMethod
INFO: Play/Pause
черв. 11, 2025 10:53:22 ПП org.musicplayer.mymusicplayer.Controllers.MusicPlayerController initialize
INFO: Запуск програми та ініціалізація контролера
черв. 11, 2025 10:53:25 ПП org.musicplayer.mymusicplayer.Controllers.MusicPlayerController lambda$7
INFO: Відкрито плейліст: 'Playlist_№1'
черв. 11, 2025 10:53:25 ПП org.musicplayer.mymusicplayer.Controllers.MusicPlayerController playSelectedTrackFromListView
INFO: Відтворення треку з fileListView: 'Snowy Peaks — Free Audio'
черв. 11, 2025 10:53:33 ПП org.musicplayer.mymusicplayer.Controllers.MusicPlayerController lambda$2
INFO: Пошук: 'c'
черв. 11, 2025 10:53:34 ПП org.musicplayer.mymusicplayer.Controllers.MusicPlayerController lambda$2
INFO: Пошук: ''
черв. 11, 2025 10:53:35 ПП org.musicplayer.mymusicplayer.Controllers.MusicPlayerController lambda$2
INFO: Пошук: 'с'
черв. 11, 2025 10:53:36 ПП org.musicplayer.mymusicplayer.Controllers.MusicPlayerController lambda$5
INFO: Відтворення треку з results: 'Касета — SadSvit'
черв. 11, 2025 10:56:19 ПП org.musicplayer.mymusicplayer.Controllers.MusicPlayerController initialize
INFO: Запуск програми та ініціалізація контролера
черв. 11, 2025 10:56:23 ПП org.musicplayer.mymusicplayer.Controllers.MusicPlayerController lambda$2
INFO: Пошук: 'c'
черв. 11, 2025 10:56:24 ПП org.musicplayer.mymusicplayer.Controllers.MusicPlayerController lambda$2
INFO: Пошук: ''
черв. 11, 2025 10:56:24 ПП org.musicplayer.mymusicplayer.Controllers.MusicPlayerController lambda$2
INFO: Пошук: 'с'
черв. 11, 2025 10:56:25 ПП org.musicplayer.mymusicplayer.Controllers.MusicPlayerController lambda$5
INFO: Відтворення треку з results: 'Касета — SadSvit'
черв. 11, 2025 10:56:37 ПП org.musicplayer.mymusicplayer.Controllers.MusicPlayerController playMethod
INFO: Play/Pause
черв. 11, 2025 11:00:55 ПП org.musicplayer.mymusicplayer.Controllers.MusicPlayerController initialize
INFO: Запуск програми та ініціалізація контролера
черв. 11, 2025 11:00:59 ПП org.musicplayer.mymusicplayer.Controllers.MusicPlayerController lambda$7
INFO: Відкрито плейліст: 'Playlist_№1'
черв. 11, 2025 11:00:59 ПП org.musicplayer.mymusicplayer.Controllers.MusicPlayerController playSelectedTrackFromListView
INFO: Відтворення треку з fileListView: 'Test audio — Unknown Artist'
черв. 11, 2025 11:01:01 ПП org.musicplayer.mymusicplayer.Controllers.MusicPlayerController repeatMethod
INFO: Repeat mode: ON
черв. 11, 2025 11:01:06 ПП org.musicplayer.mymusicplayer.Controllers.MusicPlayerController nextMethod
INFO: Наступний трек
черв. 11, 2025 11:01:06 ПП org.musicplayer.mymusicplayer.Controllers.MusicPlayerController playSelectedTrackFromListView
INFO: Відтворення треку з fileListView: 'Мовчати — Скрябін'
черв. 11, 2025 11:01:11 ПП org.musicplayer.mymusicplayer.Controllers.MusicPlayerController nextMethod
INFO: Наступний трек
черв. 11, 2025 11:01:11 ПП org.musicplayer.mymusicplayer.Controllers.MusicPlayerController playSelectedTrackFromListView
INFO: Відтворення треку з fileListView: 'Snowy Peaks — Free Audio'
черв. 11, 2025 11:01:14 ПП org.musicplayer.mymusicplayer.Controllers.MusicPlayerController playMethod
INFO: Play/Pause
черв. 11, 2025 11:02:44 ПП org.musicplayer.mymusicplayer.Controllers.MusicPlayerController initialize
INFO: Запуск програми та ініціалізація контролера
черв. 11, 2025 11:02:47 ПП org.musicplayer.mymusicplayer.Controllers.MusicPlayerController nextMethod
INFO: Наступний трек
черв. 11, 2025 11:06:28 ПП org.musicplayer.mymusicplayer.Controllers.MusicPlayerController initialize
INFO: Запуск програми та ініціалізація контролера
черв. 11, 2025 11:06:31 ПП org.musicplayer.mymusicplayer.Controllers.MusicPlayerController lambda$7
INFO: Відкрито плейліст: 'Playlist_№3'
черв. 11, 2025 11:06:32 ПП org.musicplayer.mymusicplayer.Controllers.MusicPlayerController playSelectedTrackFromListView
INFO: Відтворення треку з fileListView: 'Добряк — Скрябін'
черв. 11, 2025 11:06:33 ПП org.musicplayer.mymusicplayer.Controllers.MusicPlayerController repeatMethod
INFO: Repeat mode: ON
черв. 11, 2025 11:06:35 ПП org.musicplayer.mymusicplayer.Controllers.MusicPlayerController repeatMethod
INFO: Repeat mode: OFF
черв. 11, 2025 11:06:39 ПП org.musicplayer.mymusicplayer.Controllers.MusicPlayerController nextMethod
INFO: Наступний трек
черв. 11, 2025 11:06:39 ПП org.musicplayer.mymusicplayer.Controllers.MusicPlayerController playSelectedTrackFromListView
INFO: Відтворення треку з fileListView: 'Персонажі — SadSvit'
черв. 11, 2025 11:06:41 ПП org.musicplayer.mymusicplayer.Controllers.MusicPlayerController repeatMethod
INFO: Repeat mode: ON
черв. 11, 2025 11:06:48 ПП org.musicplayer.mymusicplayer.Controllers.MusicPlayerController playMethod
INFO: Play/Pause
черв. 11, 2025 11:07:51 ПП org.musicplayer.mymusicplayer.Controllers.MusicPlayerController initialize
INFO: Запуск програми та ініціалізація контролера
черв. 11, 2025 11:07:59 ПП org.musicplayer.mymusicplayer.Controllers.MusicPlayerController lambda$2
INFO: Пошук: 's'
черв. 11, 2025 11:08:01 ПП org.musicplayer.mymusicplayer.Controllers.MusicPlayerController lambda$5
INFO: Відтворення треку з results: 'Касета — SadSvit'
черв. 11, 2025 11:08:04 ПП org.musicplayer.mymusicplayer.Controllers.MusicPlayerController lambda$7
INFO: Відкрито плейліст: 'Playlist_№1'
черв. 11, 2025 11:08:05 ПП org.musicplayer.mymusicplayer.Controllers.MusicPlayerController lambda$7
INFO: Відкрито плейліст: 'Playlist_№2'
черв. 11, 2025 11:08:08 ПП org.musicplayer.mymusicplayer.Controllers.MusicPlayerController playMethod
INFO: Play/Pause
черв. 11, 2025 11:08:33 ПП org.musicplayer.mymusicplayer.Controllers.MusicPlayerController lambda$2
INFO: Пошук: ''
черв. 11, 2025 11:16:09 ПП org.musicplayer.mymusicplayer.Controllers.MusicPlayerController initialize
INFO: Запуск програми та ініціалізація контролера
черв. 11, 2025 11:16:11 ПП org.musicplayer.mymusicplayer.Controllers.MusicPlayerController lambda$7
INFO: Відкрито плейліст: 'Playlist_№3'
черв. 11, 2025 11:16:15 ПП org.musicplayer.mymusicplayer.Controllers.MusicPlayerController playSelectedTrackFromListView
INFO: Відтворення треку з fileListView: 'Добряк — Скрябін'
черв. 11, 2025 11:16:19 ПП org.musicplayer.mymusicplayer.Controllers.MusicPlayerController playMethod
INFO: Play/Pause
черв. 11, 2025 11:16:22 ПП org.musicplayer.mymusicplayer.Controllers.MusicPlayerController lambda$2
INFO: Пошук: 's'
черв. 11, 2025 11:16:26 ПП org.musicplayer.mymusicplayer.Controllers.MusicPlayerController lambda$5
INFO: Відтворення треку з results: 'Касета — SadSvit'
черв. 11, 2025 11:16:31 ПП org.musicplayer.mymusicplayer.Controllers.MusicPlayerController$1 lambda$0
INFO: Натиснуто Add для: 'Касета — SadSvit'
черв. 11, 2025 11:16:48 ПП org.musicplayer.mymusicplayer.Controllers.MusicPlayerController playMethod
INFO: Play/Pause
черв. 11, 2025 11:16:56 ПП org.musicplayer.mymusicplayer.Controllers.MusicPlayerController$1 lambda$0
INFO: Натиснуто Add для: 'Snowy Peaks — Free Audio'
черв. 11, 2025 11:21:01 ПП org.musicplayer.mymusicplayer.Controllers.MusicPlayerController swichScreenMethod
INFO: Відкрито історію прослуховувань
